<?xml version="1.0" encoding="UTF-8" ?>
<testsuite errors="0" failures="0" hostname="27936rwa-245" name="com.aa.selfservice.cs.scratchpad.test.CalcTest" tests="6" time="0.676" timestamp="2014-07-01T19:22:00">
  <properties>
[...]
</properties>
  <testcase classname="com.aa.selfservice.cs.scratchpad.test.CalcTest" name="testDivideByZero" time="0.021" />
  <testcase classname="com.aa.selfservice.cs.scratchpad.test.CalcTest" name="testAdd" time="0.002" />
  <testcase classname="com.aa.selfservice.cs.scratchpad.test.CalcTest" name="testSubtract" time="0.0" />
  <testcase classname="com.aa.selfservice.cs.scratchpad.test.CalcTest" name="testMultiplyFractional" time="0.0" />
  <testcase classname="com.aa.selfservice.cs.scratchpad.test.CalcTest" name="testDivide" time="0.001" />
  <testcase classname="com.aa.selfservice.cs.scratchpad.test.CalcTest" name="testMultiplyWhole" time="0.0" />
  <system-out><![CDATA[*****   AROUND CALL: com.aa.selfservice.cs.scratchpad.GoodCalc.divide(10.000000, 0.000000)
*****   BEFORE CALL: com.aa.selfservice.cs.scratchpad.GoodCalc.divide(10.000000, 0.000000)
*****   AROUND CALL: com.aa.selfservice.cs.scratchpad.GoodCalc.add(2.000000, 2.000000)
*****   BEFORE CALL: com.aa.selfservice.cs.scratchpad.GoodCalc.add(2.000000, 2.000000)
***** AFTER RETURN: com.aa.selfservice.cs.scratchpad.GoodCalc.add(2.000000, 2.000000) = 4.000000
***** AROUND RETURN: com.aa.selfservice.cs.scratchpad.GoodCalc.add(2.000000, 2.000000) = 4.000000
*****   AROUND CALL: com.aa.selfservice.cs.scratchpad.GoodCalc.divide(10.000000, 5.000000)
*****   BEFORE CALL: com.aa.selfservice.cs.scratchpad.GoodCalc.divide(10.000000, 5.000000)
***** AFTER RETURN: com.aa.selfservice.cs.scratchpad.GoodCalc.divide(10.000000, 5.000000) = 2.000000
***** AROUND RETURN: com.aa.selfservice.cs.scratchpad.GoodCalc.divide(10.000000, 5.000000) = 2.000000
]]></system-out>
  <system-err><![CDATA[log4j:WARN No appenders could be found for logger (org.springframework.core.env.StandardEnvironment).
log4j:WARN Please initialize the log4j system properly.
]]></system-err>
</testsuite>
